{"/Users/ranielbrown/Desktop/sitemate-assessment/utilities.js": {"path":"/Users/ranielbrown/Desktop/sitemate-assessment/utilities.js","statementMap":{"0":{"start":{"line":1,"column":14},"end":{"line":1,"column":30}},"1":{"start":{"line":2,"column":17},"end":{"line":6,"column":2}},"2":{"start":{"line":7,"column":16},"end":{"line":7,"column":44}},"3":{"start":{"line":9,"column":19},"end":{"line":29,"column":1}},"4":{"start":{"line":11,"column":2},"end":{"line":28,"column":5}},"5":{"start":{"line":12,"column":4},"end":{"line":27,"column":7}},"6":{"start":{"line":13,"column":6},"end":{"line":26,"column":9}},"7":{"start":{"line":15,"column":8},"end":{"line":25,"column":9}},"8":{"start":{"line":17,"column":23},"end":{"line":17,"column":65}},"9":{"start":{"line":18,"column":10},"end":{"line":20,"column":12}},"10":{"start":{"line":19,"column":12},"end":{"line":19,"column":33}},"11":{"start":{"line":21,"column":10},"end":{"line":21,"column":27}},"12":{"start":{"line":23,"column":10},"end":{"line":23,"column":40}},"13":{"start":{"line":24,"column":10},"end":{"line":24,"column":27}},"14":{"start":{"line":31,"column":19},"end":{"line":46,"column":1}},"15":{"start":{"line":33,"column":2},"end":{"line":45,"column":5}},"16":{"start":{"line":34,"column":4},"end":{"line":44,"column":5}},"17":{"start":{"line":36,"column":19},"end":{"line":36,"column":41}},"18":{"start":{"line":37,"column":6},"end":{"line":39,"column":8}},"19":{"start":{"line":38,"column":8},"end":{"line":38,"column":29}},"20":{"start":{"line":40,"column":6},"end":{"line":40,"column":23}},"21":{"start":{"line":42,"column":6},"end":{"line":42,"column":38}},"22":{"start":{"line":43,"column":6},"end":{"line":43,"column":23}},"23":{"start":{"line":48,"column":18},"end":{"line":57,"column":1}},"24":{"start":{"line":50,"column":2},"end":{"line":56,"column":3}},"25":{"start":{"line":52,"column":4},"end":{"line":52,"column":25}},"26":{"start":{"line":54,"column":4},"end":{"line":54,"column":34}},"27":{"start":{"line":55,"column":4},"end":{"line":55,"column":21}},"28":{"start":{"line":59,"column":19},"end":{"line":79,"column":1}},"29":{"start":{"line":61,"column":2},"end":{"line":78,"column":5}},"30":{"start":{"line":62,"column":4},"end":{"line":77,"column":7}},"31":{"start":{"line":63,"column":6},"end":{"line":76,"column":9}},"32":{"start":{"line":65,"column":8},"end":{"line":75,"column":9}},"33":{"start":{"line":67,"column":23},"end":{"line":67,"column":65}},"34":{"start":{"line":68,"column":10},"end":{"line":70,"column":12}},"35":{"start":{"line":69,"column":12},"end":{"line":69,"column":33}},"36":{"start":{"line":71,"column":10},"end":{"line":71,"column":27}},"37":{"start":{"line":73,"column":10},"end":{"line":73,"column":42}},"38":{"start":{"line":74,"column":10},"end":{"line":74,"column":27}},"39":{"start":{"line":81,"column":0},"end":{"line":87,"column":2}},"40":{"start":{"line":89,"column":15},"end":{"line":89,"column":48}},"41":{"start":{"line":90,"column":2},"end":{"line":90,"column":19}}},"fnMap":{"0":{"name":"(anonymous_0)","decl":{"start":{"line":9,"column":19},"end":{"line":9,"column":20}},"loc":{"start":{"line":9,"column":25},"end":{"line":29,"column":1}},"line":9},"1":{"name":"(anonymous_1)","decl":{"start":{"line":11,"column":45},"end":{"line":11,"column":46}},"loc":{"start":{"line":11,"column":53},"end":{"line":28,"column":3}},"line":11},"2":{"name":"(anonymous_2)","decl":{"start":{"line":12,"column":50},"end":{"line":12,"column":51}},"loc":{"start":{"line":12,"column":61},"end":{"line":27,"column":5}},"line":12},"3":{"name":"(anonymous_3)","decl":{"start":{"line":13,"column":58},"end":{"line":13,"column":59}},"loc":{"start":{"line":13,"column":75},"end":{"line":26,"column":7}},"line":13},"4":{"name":"(anonymous_4)","decl":{"start":{"line":18,"column":56},"end":{"line":18,"column":57}},"loc":{"start":{"line":19,"column":12},"end":{"line":19,"column":33}},"line":19},"5":{"name":"(anonymous_5)","decl":{"start":{"line":31,"column":19},"end":{"line":31,"column":20}},"loc":{"start":{"line":31,"column":25},"end":{"line":46,"column":1}},"line":31},"6":{"name":"(anonymous_6)","decl":{"start":{"line":33,"column":45},"end":{"line":33,"column":46}},"loc":{"start":{"line":33,"column":53},"end":{"line":45,"column":3}},"line":33},"7":{"name":"(anonymous_7)","decl":{"start":{"line":37,"column":54},"end":{"line":37,"column":55}},"loc":{"start":{"line":38,"column":8},"end":{"line":38,"column":29}},"line":38},"8":{"name":"(anonymous_8)","decl":{"start":{"line":48,"column":18},"end":{"line":48,"column":19}},"loc":{"start":{"line":48,"column":24},"end":{"line":57,"column":1}},"line":48},"9":{"name":"(anonymous_9)","decl":{"start":{"line":59,"column":19},"end":{"line":59,"column":20}},"loc":{"start":{"line":59,"column":25},"end":{"line":79,"column":1}},"line":59},"10":{"name":"(anonymous_10)","decl":{"start":{"line":61,"column":45},"end":{"line":61,"column":46}},"loc":{"start":{"line":61,"column":53},"end":{"line":78,"column":3}},"line":61},"11":{"name":"(anonymous_11)","decl":{"start":{"line":62,"column":50},"end":{"line":62,"column":51}},"loc":{"start":{"line":62,"column":61},"end":{"line":77,"column":5}},"line":62},"12":{"name":"(anonymous_12)","decl":{"start":{"line":63,"column":58},"end":{"line":63,"column":59}},"loc":{"start":{"line":63,"column":75},"end":{"line":76,"column":7}},"line":63},"13":{"name":"(anonymous_13)","decl":{"start":{"line":68,"column":55},"end":{"line":68,"column":56}},"loc":{"start":{"line":69,"column":12},"end":{"line":69,"column":33}},"line":69},"14":{"name":"readBookMiddleware","decl":{"start":{"line":88,"column":15},"end":{"line":88,"column":33}},"loc":{"start":{"line":88,"column":36},"end":{"line":91,"column":1}},"line":88}},"branchMap":{},"s":{"0":1,"1":1,"2":1,"3":1,"4":0,"5":0,"6":0,"7":0,"8":0,"9":0,"10":0,"11":0,"12":0,"13":0,"14":1,"15":0,"16":0,"17":0,"18":0,"19":0,"20":0,"21":0,"22":0,"23":1,"24":0,"25":0,"26":0,"27":0,"28":1,"29":0,"30":0,"31":0,"32":0,"33":0,"34":0,"35":0,"36":0,"37":0,"38":0,"39":1,"40":1,"41":0},"f":{"0":0,"1":0,"2":0,"3":0,"4":0,"5":0,"6":0,"7":0,"8":0,"9":0,"10":0,"11":0,"12":0,"13":0,"14":1},"b":{},"_coverageSchema":"1a1c01bbd47fc00a2c39e90264f33305004495a9","hash":"66aa48e58dde36447f1db4a52ca5b19306394f8d"}
}
